#
# There is insufficient memory for the Java Runtime Environment to continue.
# Native memory allocation (malloc) failed to allocate 1048576 bytes for AllocateHeap
# Possible reasons:
#   The system is out of physical RAM or swap space
#   The process is running with CompressedOops enabled, and the Java Heap may be blocking the growth of the native heap
# Possible solutions:
#   Reduce memory load on the system
#   Increase physical memory or swap space
#   Check if swap backing store is full
#   Decrease Java heap size (-Xmx/-Xms)
#   Decrease number of Java threads
#   Decrease Java thread stack sizes (-Xss)
#   Set larger code cache with -XX:ReservedCodeCacheSize=
#   JVM is running with Unscaled Compressed Oops mode in which the Java heap is
#     placed in the first 4GB address space. The Java Heap base address is the
#     maximum limit for the native heap growth. Please use -XX:HeapBaseMinAddress
#     to set the Java Heap base and to place the Java Heap above 4GB virtual address.
# This output file may be truncated or incomplete.
#
#  Out of Memory Error (allocation.cpp:44), pid=3156, tid=25036
#
# JRE version:  (17.0.2+8) (build )
# Java VM: Java HotSpot(TM) 64-Bit Server VM (17.0.2+8-LTS-86, mixed mode, sharing, tiered, compressed oops, compressed class ptrs, g1 gc, windows-amd64)
# No core dump will be written. Minidumps are not enabled by default on client versions of Windows
#

---------------  S U M M A R Y ------------

Command Line: C:\Users\user\AppData\Local\Temp\surefire4330655602251916032\surefirebooter6085879379765848026.jar C:\Users\user\AppData\Local\Temp\surefire4330655602251916032 2023-04-19T10-50-53_929-jvmRun1 surefire3408929520699710874tmp surefire_017699361863814837214tmp

Host: AMD Ryzen 5 3500U with Radeon Vega Mobile Gfx  , 8 cores, 5G,  Windows 11 , 64 bit Build 22621 (10.0.22621.1485)
Time: Wed Apr 19 10:50:54 2023  Windows 11 , 64 bit Build 22621 (10.0.22621.1485) elapsed time: 0.017489 seconds (0d 0h 0m 0s)

---------------  T H R E A D  ---------------

Current thread (0x000002177a57f3d0):  JavaThread "Unknown thread" [_thread_in_vm, id=25036, stack(0x000000b5c6b00000,0x000000b5c6c00000)]

Stack: [0x000000b5c6b00000,0x000000b5c6c00000]
Native frames: (J=compiled Java code, j=interpreted, Vv=VM code, C=native code)
V  [jvm.dll+0x670baa]
V  [jvm.dll+0x7cfcb4]
V  [jvm.dll+0x7d145e]
V  [jvm.dll+0x7d1ac3]
V  [jvm.dll+0x242bc5]
V  [jvm.dll+0xa4b93]
V  [jvm.dll+0x2e0f37]
V  [jvm.dll+0x2d8e0b]
V  [jvm.dll+0x7a18c1]
V  [jvm.dll+0x365a91]
V  [jvm.dll+0x780d2c]
V  [jvm.dll+0x3e845f]
V  [jvm.dll+0x3e9f01]
C  [jli.dll+0x527b]
C  [ucrtbase.dll+0x29363]
C  [KERNEL32.DLL+0x1269d]
C  [ntdll.dll+0x5a9f8]


---------------  P R O C E S S  ---------------

Threads class SMR info:
_java_thread_list=0x00007fffb97f9858, length=0, elements={
}

Java Threads: ( => current thread )

Other Threads:
  0x000002177a5b5b10 GCTaskThread "GC Thread#0" [stack: 0x000000b5c6c00000,0x000000b5c6d00000] [id=19252]

[error occurred during error reporting (printing all threads), id 0xc0000005, EXCEPTION_ACCESS_VIOLATION (0xc0000005) at pc=0x00007fffb9045e80]

VM state: not at safepoint (not fully initialized)

VM Mutex/Monitor currently owned by a thread:  ([mutex/lock_event])
[0x000002177a57a7e0] Heap_lock - owner thread: 0x000002177a57f3d0

Heap address: 0x00000000a0e00000, size: 1522 MB, Compressed Oops mode: 32-bit

CDS archive(s) mapped at: [0x0000000000000000-0x0000000000000000-0x0000000000000000), size 0, SharedBaseAddress: 0x0000000800000000, ArchiveRelocationMode: 0.
Narrow klass base: 0x0000000000000000, Narrow klass shift: 0, Narrow klass range: 0x0

GC Precious Log:
<Empty>

Heap:
 garbage-first heap   total 0K, used 0K [0x00000000a0e00000, 0x0000000100000000)
  region size 1024K, 0 young (0K), 0 survivors (0K)

[error occurred during error reporting (printing heap information), id 0xc0000005, EXCEPTION_ACCESS_VIOLATION (0xc0000005) at pc=0x00007fffb9429f19]

GC Heap History (0 events):
No events

Deoptimization events (0 events):
No events

Classes unloaded (0 events):
No events

Classes redefined (0 events):
No events

Internal exceptions (0 events):
No events

VM Operations (0 events):
No events

Events (1 events):
Event: 0.012 Loaded shared library C:\Program Files\Java\jdk-17.0.2\bin\java.dll


Dynamic libraries:
0x00007ff784db0000 - 0x00007ff784dc0000 	C:\Program Files\Java\jdk-17.0.2\bin\java.exe
0x00007ff83aff0000 - 0x00007ff83b204000 	C:\WINDOWS\SYSTEM32\ntdll.dll
0x00007ff8394c0000 - 0x00007ff839582000 	C:\WINDOWS\System32\KERNEL32.DLL
0x00007ff838a60000 - 0x00007ff838dfc000 	C:\WINDOWS\System32\KERNELBASE.dll
0x00007ff8387d0000 - 0x00007ff8388e1000 	C:\WINDOWS\System32\ucrtbase.dll
0x00007ff825bc0000 - 0x00007ff825bd8000 	C:\Program Files\Java\jdk-17.0.2\bin\jli.dll
0x00007ff825bf0000 - 0x00007ff825c0a000 	C:\Program Files\Java\jdk-17.0.2\bin\VCRUNTIME140.dll
0x00007ff838ef0000 - 0x00007ff838f9e000 	C:\WINDOWS\System32\ADVAPI32.dll
0x00007ff83ada0000 - 0x00007ff83ae47000 	C:\WINDOWS\System32\msvcrt.dll
0x00007ff839590000 - 0x00007ff839634000 	C:\WINDOWS\System32\sechost.dll
0x00007ff83a410000 - 0x00007ff83a527000 	C:\WINDOWS\System32\RPCRT4.dll
0x00007ff839020000 - 0x00007ff8391cb000 	C:\WINDOWS\System32\USER32.dll
0x00007ff824bf0000 - 0x00007ff824e7e000 	C:\WINDOWS\WinSxS\amd64_microsoft.windows.common-controls_6595b64144ccf1df_6.0.22621.608_none_a9444ca7c10bb01d\COMCTL32.dll
0x00007ff8384d0000 - 0x00007ff8384f6000 	C:\WINDOWS\System32\win32u.dll
0x00007ff8399a0000 - 0x00007ff8399c9000 	C:\WINDOWS\System32\GDI32.dll
0x00007ff838500000 - 0x00007ff838613000 	C:\WINDOWS\System32\gdi32full.dll
0x00007ff838430000 - 0x00007ff8384ca000 	C:\WINDOWS\System32\msvcp_win.dll
0x00007ff82d9c0000 - 0x00007ff82d9ca000 	C:\WINDOWS\SYSTEM32\VERSION.dll
0x00007ff839f70000 - 0x00007ff839fa1000 	C:\WINDOWS\System32\IMM32.DLL
0x00007ff833c10000 - 0x00007ff833c1c000 	C:\Program Files\Java\jdk-17.0.2\bin\vcruntime140_1.dll
0x00007ff8089d0000 - 0x00007ff808a5d000 	C:\Program Files\Java\jdk-17.0.2\bin\msvcp140.dll
0x00007fffb8d60000 - 0x00007fffb9921000 	C:\Program Files\Java\jdk-17.0.2\bin\server\jvm.dll
0x00007ff839010000 - 0x00007ff839018000 	C:\WINDOWS\System32\PSAPI.DLL
0x00007ff832ef0000 - 0x00007ff832ef9000 	C:\WINDOWS\SYSTEM32\WSOCK32.dll
0x00007ff83ad20000 - 0x00007ff83ad91000 	C:\WINDOWS\System32\WS2_32.dll
0x00007ff831f90000 - 0x00007ff831fc4000 	C:\WINDOWS\SYSTEM32\WINMM.dll
0x00007ff837440000 - 0x00007ff837458000 	C:\WINDOWS\SYSTEM32\kernel.appcore.dll
0x00007ff825bb0000 - 0x00007ff825bba000 	C:\Program Files\Java\jdk-17.0.2\bin\jimage.dll
0x00007ff82e680000 - 0x00007ff82e8ae000 	C:\WINDOWS\SYSTEM32\DBGHELP.DLL
0x00007ff83a060000 - 0x00007ff83a3e9000 	C:\WINDOWS\System32\combase.dll
0x00007ff83aed0000 - 0x00007ff83afa7000 	C:\WINDOWS\System32\OLEAUT32.dll
0x00007ff82c6e0000 - 0x00007ff82c712000 	C:\WINDOWS\SYSTEM32\dbgcore.DLL
0x00007ff8386e0000 - 0x00007ff83875b000 	C:\WINDOWS\System32\bcryptPrimitives.dll
0x00007ff824f30000 - 0x00007ff824f55000 	C:\Program Files\Java\jdk-17.0.2\bin\java.dll

dbghelp: loaded successfully - version: 4.0.5 - missing functions: none
symbol engine: initialized successfully - sym options: 0x614 - pdb path: .;C:\Program Files\Java\jdk-17.0.2\bin;C:\WINDOWS\SYSTEM32;C:\WINDOWS\WinSxS\amd64_microsoft.windows.common-controls_6595b64144ccf1df_6.0.22621.608_none_a9444ca7c10bb01d;C:\Program Files\Java\jdk-17.0.2\bin\server

VM Arguments:
java_command: C:\Users\user\AppData\Local\Temp\surefire4330655602251916032\surefirebooter6085879379765848026.jar C:\Users\user\AppData\Local\Temp\surefire4330655602251916032 2023-04-19T10-50-53_929-jvmRun1 surefire3408929520699710874tmp surefire_017699361863814837214tmp
java_class_path (initial): C:\Users\user\AppData\Local\Temp\surefire4330655602251916032\surefirebooter6085879379765848026.jar
Launcher Type: SUN_STANDARD

[Global flags]
     intx CICompilerCount                          = 4                                         {product} {ergonomic}
     uint ConcGCThreads                            = 2                                         {product} {ergonomic}
     uint G1ConcRefinementThreads                  = 8                                         {product} {ergonomic}
   size_t G1HeapRegionSize                         = 1048576                                   {product} {ergonomic}
    uintx GCDrainStackTargetSize                   = 64                                        {product} {ergonomic}
   size_t InitialHeapSize                          = 100663296                                 {product} {ergonomic}
   size_t MarkStackSize                            = 4194304                                   {product} {ergonomic}
   size_t MaxHeapSize                              = 1595932672                                {product} {ergonomic}
   size_t MinHeapDeltaBytes                        = 1048576                                   {product} {ergonomic}
   size_t MinHeapSize                              = 8388608                                   {product} {ergonomic}
    uintx NonNMethodCodeHeapSize                   = 5839372                                {pd product} {ergonomic}
    uintx NonProfiledCodeHeapSize                  = 122909434                              {pd product} {ergonomic}
    uintx ProfiledCodeHeapSize                     = 122909434                              {pd product} {ergonomic}
    uintx ReservedCodeCacheSize                    = 251658240                              {pd product} {ergonomic}
     bool SegmentedCodeCache                       = true                                      {product} {ergonomic}
   size_t SoftMaxHeapSize                          = 1595932672                             {manageable} {ergonomic}
     bool UseCompressedClassPointers               = true                           {product lp64_product} {ergonomic}
     bool UseCompressedOops                        = true                           {product lp64_product} {ergonomic}
     bool UseG1GC                                  = true                                      {product} {ergonomic}
     bool UseLargePagesIndividualAllocation        = false                                  {pd product} {ergonomic}

Logging:
Log output configuration:
 #0: stdout all=warning uptime,level,tags
 #1: stderr all=off uptime,level,tags

Environment Variables:
JAVA_HOME=C:/Program Files/Java/jdk-17.0.2
PATH=C:\Program Files\Git\mingw64\bin;C:\Program Files\Git\usr\bin;C:\Users\user\bin;C:\Program Files (x86)\Microsoft SDKs\Azure\CLI2\wbin;C:\Program Files (x86)\Common Files\Oracle\Java\javapath;C:\Program Files\Java\jdk-17.0.2;C:\WINDOWS\system32;C:\WINDOWS;C:\WINDOWS\System32\Wbem;C:\WINDOWS\System32\WindowsPowerShell\v1.0;C:\WINDOWS\System32\OpenSSH;F:\mathlab\runtime\win64;F:\mathlab\bin;C:\Program Files\Wolfram Research\WolframScript;C:\Program Files (x86)\QuickTime\QTSystem;E:\overkook\quartus\bin;C:\Program Files\Git\cmd;C:\Program Files\Git\mingw64\bin;C:\Program Files\Git\usr\bin;C:\php;C:\Program Files\apache-maven-3.8.5\bin;C:\Program Files\nodejs;F:\flutter\bin;F:\MATLAB\MATLAB\R2014b\runtime\win64;F:\MATLAB\MATLAB\R2014b\bin;F:\MATLAB\MATLAB\R2014b\polyspace\bin;C:\Program Files\PuTTY;C:\Program Files\Docker\Docker\resources\bin;E:\azure;E:\python\Scripts;E:\python;C:\Users\user\AppData\Local\Microsoft\WindowsApps;C:\Users\user\AppData\Local\atom\bin;F:\IntelliJ IDEA 2021.2\bin;F:\VS code\Microsoft VS Code\bin;C:\Program Files (x86)\GitHub CLI;F:\CLion 2022.3.2\bin;C:\Program Files\Java\jdk-17.0.2\bin;C:\Program Files\Java\jdk-17.0.3;C:\Program Files\heroku\bin;C:\Users\user\AppData\Local\GitHubDesktop\bin;E:\WebStorm 2022.2\bin;C:\Users\user\AppData\Roaming\npm;F:\DataGrip 2022.2.3\bin;C:\flutter\bin;F:\GoLand 2022.2.4\bin;E:\PhpStorm 2022.3.2\bin;C:\php;E:\JetBrains Rider 2022.3.2\bin;C:\Users\user\AppData\Local\Microsoft\WindowsApps;F:\p\PyCharm 2023.1\bin
USERNAME=user
OS=Windows_NT
PROCESSOR_IDENTIFIER=AMD64 Family 23 Model 24 Stepping 1, AuthenticAMD



---------------  S Y S T E M  ---------------

OS:
 Windows 11 , 64 bit Build 22621 (10.0.22621.1485)
OS uptime: 1 days 22:44 hours
Hyper-V role detected

CPU: total 8 (initial active 8) (8 cores per cpu, 2 threads per core) family 23 model 24 stepping 1 microcode 0x0, cx8, cmov, fxsr, ht, mmx, 3dnowpref, sse, sse2, sse3, ssse3, sse4a, sse4.1, sse4.2, popcnt, lzcnt, tsc, tscinvbit, avx, avx2, aes, clmul, bmi1, bmi2, adx, sha, fma, vzeroupper, clflush, clflushopt, hv

Memory: 4k page, system-wide physical 6082M (265M free)
TotalPageFile size 21005M (AvailPageFile size 5M)
current process WorkingSet (physical memory assigned to process): 10M, peak: 10M
current process commit charge ("private bytes"): 59M, peak: 60M

vm_info: Java HotSpot(TM) 64-Bit Server VM (17.0.2+8-LTS-86) for windows-amd64 JRE (17.0.2+8-LTS-86), built on Dec  7 2021 21:51:03 by "mach5one" with MS VC++ 16.8 / 16.9 (VS2019)

END.
